2021-06-10 09:30:37.448  INFO 17100 --- [restartedMain] f.t.paymybuddy.PayMyBuddyApplication     : Starting PayMyBuddyApplication using Java 11.0.11 on ThinkCenter-AV78 with PID 17100 (C:\JAVA\Nelson Jamal\PayMyBuddy\target\classes started by ThinkCenter in C:\JAVA\Nelson Jamal\PayMyBuddy)
2021-06-10 09:30:37.454 DEBUG 17100 --- [restartedMain] f.t.paymybuddy.PayMyBuddyApplication     : Running with Spring Boot v2.5.0, Spring v5.3.7
2021-06-10 09:30:37.455  INFO 17100 --- [restartedMain] f.t.paymybuddy.PayMyBuddyApplication     : No active profile set, falling back to default profiles: default
2021-06-10 09:30:37.511  INFO 17100 --- [restartedMain] .e.DevToolsPropertyDefaultsPostProcessor : Devtools property defaults active! Set 'spring.devtools.add-properties' to 'false' to disable
2021-06-10 09:30:37.512  INFO 17100 --- [restartedMain] .e.DevToolsPropertyDefaultsPostProcessor : For additional web related logging consider setting the 'logging.level.web' property to 'DEBUG'
2021-06-10 09:30:37.553  WARN 17100 --- [background-preinit] o.s.h.c.j.Jackson2ObjectMapperBuilder    : For Jackson Kotlin classes support please add "com.fasterxml.jackson.module:jackson-module-kotlin" to the classpath
2021-06-10 09:30:38.865  INFO 17100 --- [restartedMain] .s.d.r.c.RepositoryConfigurationDelegate : Bootstrapping Spring Data JPA repositories in DEFAULT mode.
2021-06-10 09:30:38.941  INFO 17100 --- [restartedMain] .s.d.r.c.RepositoryConfigurationDelegate : Finished Spring Data repository scanning in 66 ms. Found 3 JPA repository interfaces.
2021-06-10 09:30:39.346  INFO 17100 --- [restartedMain] trationDelegate$BeanPostProcessorChecker : Bean 'management.metrics-org.springframework.boot.actuate.autoconfigure.metrics.MetricsProperties' of type [org.springframework.boot.actuate.autoconfigure.metrics.MetricsProperties] is not eligible for getting processed by all BeanPostProcessors (for example: not eligible for auto-proxying)
2021-06-10 09:30:39.347  INFO 17100 --- [restartedMain] trationDelegate$BeanPostProcessorChecker : Bean 'org.springframework.boot.actuate.autoconfigure.metrics.data.RepositoryMetricsAutoConfiguration' of type [org.springframework.boot.actuate.autoconfigure.metrics.data.RepositoryMetricsAutoConfiguration] is not eligible for getting processed by all BeanPostProcessors (for example: not eligible for auto-proxying)
2021-06-10 09:30:39.348  INFO 17100 --- [restartedMain] trationDelegate$BeanPostProcessorChecker : Bean 'org.springframework.boot.actuate.autoconfigure.metrics.export.simple.SimpleMetricsExportAutoConfiguration' of type [org.springframework.boot.actuate.autoconfigure.metrics.export.simple.SimpleMetricsExportAutoConfiguration] is not eligible for getting processed by all BeanPostProcessors (for example: not eligible for auto-proxying)
2021-06-10 09:30:39.350  INFO 17100 --- [restartedMain] trationDelegate$BeanPostProcessorChecker : Bean 'management.metrics.export.simple-org.springframework.boot.actuate.autoconfigure.metrics.export.simple.SimpleProperties' of type [org.springframework.boot.actuate.autoconfigure.metrics.export.simple.SimpleProperties] is not eligible for getting processed by all BeanPostProcessors (for example: not eligible for auto-proxying)
2021-06-10 09:30:39.353  INFO 17100 --- [restartedMain] trationDelegate$BeanPostProcessorChecker : Bean 'simpleConfig' of type [org.springframework.boot.actuate.autoconfigure.metrics.export.simple.SimplePropertiesConfigAdapter] is not eligible for getting processed by all BeanPostProcessors (for example: not eligible for auto-proxying)
2021-06-10 09:30:39.357  INFO 17100 --- [restartedMain] trationDelegate$BeanPostProcessorChecker : Bean 'org.springframework.boot.actuate.autoconfigure.metrics.MetricsAutoConfiguration' of type [org.springframework.boot.actuate.autoconfigure.metrics.MetricsAutoConfiguration] is not eligible for getting processed by all BeanPostProcessors (for example: not eligible for auto-proxying)
2021-06-10 09:30:39.358  INFO 17100 --- [restartedMain] trationDelegate$BeanPostProcessorChecker : Bean 'micrometerClock' of type [io.micrometer.core.instrument.Clock$1] is not eligible for getting processed by all BeanPostProcessors (for example: not eligible for auto-proxying)
2021-06-10 09:30:39.374  INFO 17100 --- [restartedMain] trationDelegate$BeanPostProcessorChecker : Bean 'simpleMeterRegistry' of type [io.micrometer.core.instrument.simple.SimpleMeterRegistry] is not eligible for getting processed by all BeanPostProcessors (for example: not eligible for auto-proxying)
2021-06-10 09:30:39.379  INFO 17100 --- [restartedMain] trationDelegate$BeanPostProcessorChecker : Bean 'repositoryTagsProvider' of type [org.springframework.boot.actuate.metrics.data.DefaultRepositoryTagsProvider] is not eligible for getting processed by all BeanPostProcessors (for example: not eligible for auto-proxying)
2021-06-10 09:30:39.380  INFO 17100 --- [restartedMain] trationDelegate$BeanPostProcessorChecker : Bean 'metricsRepositoryMethodInvocationListener' of type [org.springframework.boot.actuate.metrics.data.MetricsRepositoryMethodInvocationListener] is not eligible for getting processed by all BeanPostProcessors (for example: not eligible for auto-proxying)
2021-06-10 09:30:39.672  INFO 17100 --- [restartedMain] o.s.b.w.embedded.tomcat.TomcatWebServer  : Tomcat initialized with port(s): 8090 (http)
2021-06-10 09:30:39.795  INFO 17100 --- [restartedMain] w.s.c.ServletWebServerApplicationContext : Root WebApplicationContext: initialization completed in 2282 ms
2021-06-10 09:30:39.988  INFO 17100 --- [restartedMain] o.s.b.a.h2.H2ConsoleAutoConfiguration    : H2 console available at '/h2-console'. Database available at 'jdbc:mysql://localhost:3306/pbud'
2021-06-10 09:30:41.188  INFO 17100 --- [restartedMain] j.LocalContainerEntityManagerFactoryBean : Initialized JPA EntityManagerFactory for persistence unit 'default'
2021-06-10 09:30:41.254  WARN 17100 --- [restartedMain] JpaBaseConfiguration$JpaWebConfiguration : spring.jpa.open-in-view is enabled by default. Therefore, database queries may be performed during view rendering. Explicitly configure spring.jpa.open-in-view to disable this warning
2021-06-10 09:30:41.849  INFO 17100 --- [restartedMain] o.s.s.web.DefaultSecurityFilterChain     : Will secure any request with [org.springframework.security.web.context.request.async.WebAsyncManagerIntegrationFilter@6bf0e348, org.springframework.security.web.context.SecurityContextPersistenceFilter@65e7ce2e, org.springframework.security.web.header.HeaderWriterFilter@765917a3, org.springframework.security.web.authentication.logout.LogoutFilter@63de0504, org.springframework.security.web.authentication.UsernamePasswordAuthenticationFilter@4a330ac3, org.springframework.security.web.savedrequest.RequestCacheAwareFilter@729f0385, org.springframework.security.web.servletapi.SecurityContextHolderAwareRequestFilter@40477827, org.springframework.security.web.authentication.AnonymousAuthenticationFilter@14870998, org.springframework.security.web.session.SessionManagementFilter@61f8094b, org.springframework.security.web.access.ExceptionTranslationFilter@22b42ee3, org.springframework.security.web.access.intercept.FilterSecurityInterceptor@2d3e085c]
2021-06-10 09:30:42.897  INFO 17100 --- [restartedMain] o.s.b.d.a.OptionalLiveReloadServer       : LiveReload server is running on port 35729
2021-06-10 09:30:42.903  INFO 17100 --- [restartedMain] o.s.b.a.e.web.EndpointLinksResolver      : Exposing 1 endpoint(s) beneath base path '/actuator'
2021-06-10 09:30:42.967  INFO 17100 --- [restartedMain] o.s.b.w.embedded.tomcat.TomcatWebServer  : Tomcat started on port(s): 8090 (http) with context path ''
2021-06-10 09:30:42.987  INFO 17100 --- [restartedMain] f.t.paymybuddy.PayMyBuddyApplication     : Started PayMyBuddyApplication in 6.047 seconds (JVM running for 7.749)
2021-06-10 09:30:42.995  INFO 17100 --- [restartedMain] o.s.b.a.ApplicationAvailabilityBean      : Application availability state LivenessState changed to CORRECT
2021-06-10 09:30:42.998  INFO 17100 --- [restartedMain] o.s.b.a.ApplicationAvailabilityBean      : Application availability state ReadinessState changed to ACCEPTING_TRAFFIC
2021-06-10 09:30:43.490  INFO 17100 --- [RMI TCP Connection(5)-192.168.95.1] o.s.web.servlet.DispatcherServlet        : Initializing Servlet 'dispatcherServlet'
2021-06-10 09:30:43.492  INFO 17100 --- [RMI TCP Connection(5)-192.168.95.1] o.s.web.servlet.DispatcherServlet        : Completed initialization in 1 ms
2021-06-10 09:58:24.574  INFO 7020 --- [main] f.t.p.PayMyBuddyApplicationTests         : Starting PayMyBuddyApplicationTests using Java 11.0.11 on ThinkCenter-AV78 with PID 7020 (started by ThinkCenter in C:\JAVA\Nelson Jamal\PayMyBuddy)
2021-06-10 09:58:24.575 DEBUG 7020 --- [main] f.t.p.PayMyBuddyApplicationTests         : Running with Spring Boot v2.5.0, Spring v5.3.7
2021-06-10 09:58:24.581  INFO 7020 --- [main] f.t.p.PayMyBuddyApplicationTests         : No active profile set, falling back to default profiles: default
2021-06-10 09:58:24.873  WARN 7020 --- [background-preinit] o.s.h.c.j.Jackson2ObjectMapperBuilder    : For Jackson Kotlin classes support please add "com.fasterxml.jackson.module:jackson-module-kotlin" to the classpath
2021-06-10 09:58:26.174  INFO 7020 --- [main] .s.d.r.c.RepositoryConfigurationDelegate : Bootstrapping Spring Data JPA repositories in DEFAULT mode.
2021-06-10 09:58:26.276  INFO 7020 --- [main] .s.d.r.c.RepositoryConfigurationDelegate : Finished Spring Data repository scanning in 87 ms. Found 3 JPA repository interfaces.
2021-06-10 09:58:27.012  INFO 7020 --- [main] trationDelegate$BeanPostProcessorChecker : Bean 'management.metrics-org.springframework.boot.actuate.autoconfigure.metrics.MetricsProperties' of type [org.springframework.boot.actuate.autoconfigure.metrics.MetricsProperties] is not eligible for getting processed by all BeanPostProcessors (for example: not eligible for auto-proxying)
2021-06-10 09:58:27.015  INFO 7020 --- [main] trationDelegate$BeanPostProcessorChecker : Bean 'org.springframework.boot.actuate.autoconfigure.metrics.data.RepositoryMetricsAutoConfiguration' of type [org.springframework.boot.actuate.autoconfigure.metrics.data.RepositoryMetricsAutoConfiguration] is not eligible for getting processed by all BeanPostProcessors (for example: not eligible for auto-proxying)
2021-06-10 09:58:27.019  INFO 7020 --- [main] trationDelegate$BeanPostProcessorChecker : Bean 'org.springframework.boot.actuate.autoconfigure.metrics.export.simple.SimpleMetricsExportAutoConfiguration' of type [org.springframework.boot.actuate.autoconfigure.metrics.export.simple.SimpleMetricsExportAutoConfiguration] is not eligible for getting processed by all BeanPostProcessors (for example: not eligible for auto-proxying)
2021-06-10 09:58:27.027  INFO 7020 --- [main] trationDelegate$BeanPostProcessorChecker : Bean 'management.metrics.export.simple-org.springframework.boot.actuate.autoconfigure.metrics.export.simple.SimpleProperties' of type [org.springframework.boot.actuate.autoconfigure.metrics.export.simple.SimpleProperties] is not eligible for getting processed by all BeanPostProcessors (for example: not eligible for auto-proxying)
2021-06-10 09:58:27.038  INFO 7020 --- [main] trationDelegate$BeanPostProcessorChecker : Bean 'simpleConfig' of type [org.springframework.boot.actuate.autoconfigure.metrics.export.simple.SimplePropertiesConfigAdapter] is not eligible for getting processed by all BeanPostProcessors (for example: not eligible for auto-proxying)
2021-06-10 09:58:27.046  INFO 7020 --- [main] trationDelegate$BeanPostProcessorChecker : Bean 'org.springframework.boot.actuate.autoconfigure.metrics.MetricsAutoConfiguration' of type [org.springframework.boot.actuate.autoconfigure.metrics.MetricsAutoConfiguration] is not eligible for getting processed by all BeanPostProcessors (for example: not eligible for auto-proxying)
2021-06-10 09:58:27.051  INFO 7020 --- [main] trationDelegate$BeanPostProcessorChecker : Bean 'micrometerClock' of type [io.micrometer.core.instrument.Clock$1] is not eligible for getting processed by all BeanPostProcessors (for example: not eligible for auto-proxying)
2021-06-10 09:58:27.080  INFO 7020 --- [main] trationDelegate$BeanPostProcessorChecker : Bean 'simpleMeterRegistry' of type [io.micrometer.core.instrument.simple.SimpleMeterRegistry] is not eligible for getting processed by all BeanPostProcessors (for example: not eligible for auto-proxying)
2021-06-10 09:58:27.090  INFO 7020 --- [main] trationDelegate$BeanPostProcessorChecker : Bean 'repositoryTagsProvider' of type [org.springframework.boot.actuate.metrics.data.DefaultRepositoryTagsProvider] is not eligible for getting processed by all BeanPostProcessors (for example: not eligible for auto-proxying)
2021-06-10 09:58:27.094  INFO 7020 --- [main] trationDelegate$BeanPostProcessorChecker : Bean 'metricsRepositoryMethodInvocationListener' of type [org.springframework.boot.actuate.metrics.data.MetricsRepositoryMethodInvocationListener] is not eligible for getting processed by all BeanPostProcessors (for example: not eligible for auto-proxying)
2021-06-10 09:58:29.894  INFO 7020 --- [main] j.LocalContainerEntityManagerFactoryBean : Initialized JPA EntityManagerFactory for persistence unit 'default'
2021-06-10 09:58:30.057  WARN 7020 --- [main] JpaBaseConfiguration$JpaWebConfiguration : spring.jpa.open-in-view is enabled by default. Therefore, database queries may be performed during view rendering. Explicitly configure spring.jpa.open-in-view to disable this warning
2021-06-10 09:58:31.250  INFO 7020 --- [main] o.s.s.web.DefaultSecurityFilterChain     : Will secure any request with [org.springframework.security.web.context.request.async.WebAsyncManagerIntegrationFilter@24d73c51, org.springframework.security.web.context.SecurityContextPersistenceFilter@6d38a81d, org.springframework.security.web.header.HeaderWriterFilter@31a80c88, org.springframework.security.web.authentication.logout.LogoutFilter@594f508f, org.springframework.security.web.authentication.UsernamePasswordAuthenticationFilter@1c512bb, org.springframework.security.web.savedrequest.RequestCacheAwareFilter@61d527ac, org.springframework.security.web.servletapi.SecurityContextHolderAwareRequestFilter@7ab2e018, org.springframework.security.web.authentication.AnonymousAuthenticationFilter@3b95fce9, org.springframework.security.web.session.SessionManagementFilter@7668f8fd, org.springframework.security.web.access.ExceptionTranslationFilter@6ec77cab, org.springframework.security.web.access.intercept.FilterSecurityInterceptor@37f7ce20]
2021-06-10 09:58:33.742  INFO 7020 --- [main] o.s.b.a.e.web.EndpointLinksResolver      : Exposing 1 endpoint(s) beneath base path '/actuator'
2021-06-10 09:58:33.832  INFO 7020 --- [main] f.t.p.PayMyBuddyApplicationTests         : Started PayMyBuddyApplicationTests in 9.778 seconds (JVM running for 11.4)
2021-06-10 09:58:33.903  INFO 7020 --- [main] o.s.b.a.ApplicationAvailabilityBean      : Application availability state LivenessState changed to CORRECT
2021-06-10 09:58:33.906  INFO 7020 --- [main] o.s.b.a.ApplicationAvailabilityBean      : Application availability state ReadinessState changed to ACCEPTING_TRAFFIC
